/home/juan/Proyecto/KIT_Phantom_X_Pincher_ROS2/phantom_ws/install/phantomx_pincher_classification/lib/python3.10/site-packages/phantomx_pincher_classification/teleop_node.py
/home/juan/Proyecto/KIT_Phantom_X_Pincher_ROS2/phantom_ws/install/phantomx_pincher_classification/lib/python3.10/site-packages/phantomx_pincher_classification/teleop_joint_node.py
/home/juan/Proyecto/KIT_Phantom_X_Pincher_ROS2/phantom_ws/install/phantomx_pincher_classification/lib/python3.10/site-packages/phantomx_pincher_classification/clasificador_node.py
/home/juan/Proyecto/KIT_Phantom_X_Pincher_ROS2/phantom_ws/install/phantomx_pincher_classification/lib/python3.10/site-packages/phantomx_pincher_classification/__init__.py
/home/juan/Proyecto/KIT_Phantom_X_Pincher_ROS2/phantom_ws/install/phantomx_pincher_classification/lib/python3.10/site-packages/phantomx_pincher_classification/__pycache__/teleop_node.cpython-310.pyc
/home/juan/Proyecto/KIT_Phantom_X_Pincher_ROS2/phantom_ws/install/phantomx_pincher_classification/lib/python3.10/site-packages/phantomx_pincher_classification/__pycache__/teleop_joint_node.cpython-310.pyc
/home/juan/Proyecto/KIT_Phantom_X_Pincher_ROS2/phantom_ws/install/phantomx_pincher_classification/lib/python3.10/site-packages/phantomx_pincher_classification/__pycache__/clasificador_node.cpython-310.pyc
/home/juan/Proyecto/KIT_Phantom_X_Pincher_ROS2/phantom_ws/install/phantomx_pincher_classification/lib/python3.10/site-packages/phantomx_pincher_classification/__pycache__/__init__.cpython-310.pyc
/home/juan/Proyecto/KIT_Phantom_X_Pincher_ROS2/phantom_ws/install/phantomx_pincher_classification/share/ament_index/resource_index/packages/phantomx_pincher_classification
/home/juan/Proyecto/KIT_Phantom_X_Pincher_ROS2/phantom_ws/install/phantomx_pincher_classification/share/phantomx_pincher_classification/package.xml
/home/juan/Proyecto/KIT_Phantom_X_Pincher_ROS2/phantom_ws/install/phantomx_pincher_classification/share/phantomx_pincher_classification/launch/clasificador.launch.py
/home/juan/Proyecto/KIT_Phantom_X_Pincher_ROS2/phantom_ws/install/phantomx_pincher_classification/lib/python3.10/site-packages/phantomx_pincher_classification-0.0.0-py3.10.egg-info/SOURCES.txt
/home/juan/Proyecto/KIT_Phantom_X_Pincher_ROS2/phantom_ws/install/phantomx_pincher_classification/lib/python3.10/site-packages/phantomx_pincher_classification-0.0.0-py3.10.egg-info/PKG-INFO
/home/juan/Proyecto/KIT_Phantom_X_Pincher_ROS2/phantom_ws/install/phantomx_pincher_classification/lib/python3.10/site-packages/phantomx_pincher_classification-0.0.0-py3.10.egg-info/dependency_links.txt
/home/juan/Proyecto/KIT_Phantom_X_Pincher_ROS2/phantom_ws/install/phantomx_pincher_classification/lib/python3.10/site-packages/phantomx_pincher_classification-0.0.0-py3.10.egg-info/zip-safe
/home/juan/Proyecto/KIT_Phantom_X_Pincher_ROS2/phantom_ws/install/phantomx_pincher_classification/lib/python3.10/site-packages/phantomx_pincher_classification-0.0.0-py3.10.egg-info/requires.txt
/home/juan/Proyecto/KIT_Phantom_X_Pincher_ROS2/phantom_ws/install/phantomx_pincher_classification/lib/python3.10/site-packages/phantomx_pincher_classification-0.0.0-py3.10.egg-info/top_level.txt
/home/juan/Proyecto/KIT_Phantom_X_Pincher_ROS2/phantom_ws/install/phantomx_pincher_classification/lib/python3.10/site-packages/phantomx_pincher_classification-0.0.0-py3.10.egg-info/entry_points.txt
/home/juan/Proyecto/KIT_Phantom_X_Pincher_ROS2/phantom_ws/install/phantomx_pincher_classification/lib/phantomx_pincher_classification/clasificador_node
/home/juan/Proyecto/KIT_Phantom_X_Pincher_ROS2/phantom_ws/install/phantomx_pincher_classification/lib/phantomx_pincher_classification/teleop_joint_node
/home/juan/Proyecto/KIT_Phantom_X_Pincher_ROS2/phantom_ws/install/phantomx_pincher_classification/lib/phantomx_pincher_classification/teleop_node
